<?xml version="1.0" encoding="UTF-8"?>
<testsuite name="handlers.GenericMoveHandlerTest" tests="30" skipped="0" failures="0" errors="0" timestamp="2019-12-12T12:51:56" hostname="jelmer-Aspire-V5-591G" time="0.08">
  <properties/>
  <testcase name="testSlideIsOneMove()" classname="handlers.GenericMoveHandlerTest" time="0.0"/>
  <testcase name="testSlidingDistanceIsNot1Situation12()" classname="handlers.GenericMoveHandlerTest" time="0.0"/>
  <testcase name="testSlideWhenLoseContact()" classname="handlers.GenericMoveHandlerTest" time="0.0"/>
  <testcase name="testNoIslandExistsWhenDont()" classname="handlers.GenericMoveHandlerTest" time="0.0"/>
  <testcase name="testBlackCannotMoveWhiteTile()" classname="handlers.GenericMoveHandlerTest" time="0.001"/>
  <testcase name="testSlideWhenKeepContact()" classname="handlers.GenericMoveHandlerTest" time="0.001"/>
  <testcase name="testBfsTileCountSearch()" classname="handlers.GenericMoveHandlerTest" time="0.001"/>
  <testcase name="testValidSlideAnt()" classname="handlers.GenericMoveHandlerTest" time="0.01"/>
  <testcase name="testSlidingDistanceIs1Situation10()" classname="handlers.GenericMoveHandlerTest" time="0.001"/>
  <testcase name="testSlidingDistanceIs1Situation11()" classname="handlers.GenericMoveHandlerTest" time="0.001"/>
  <testcase name="testSlideWhenDirectionNotBlocked()" classname="handlers.GenericMoveHandlerTest" time="0.001"/>
  <testcase name="testSlidingDistanceIs1Situation1()" classname="handlers.GenericMoveHandlerTest" time="0.0"/>
  <testcase name="testSlidingDistanceIs1Situation2()" classname="handlers.GenericMoveHandlerTest" time="0.0"/>
  <testcase name="testSlidingDistanceIs1Situation3()" classname="handlers.GenericMoveHandlerTest" time="0.001"/>
  <testcase name="testSlidingDistanceIs1Situation4()" classname="handlers.GenericMoveHandlerTest" time="0.001"/>
  <testcase name="testSlidingDistanceIs1Situation5()" classname="handlers.GenericMoveHandlerTest" time="0.001"/>
  <testcase name="testSlidingDistanceIs1Situation6()" classname="handlers.GenericMoveHandlerTest" time="0.0"/>
  <testcase name="testSlidingDistanceIs1Situation7()" classname="handlers.GenericMoveHandlerTest" time="0.0"/>
  <testcase name="testSlidingDistanceIs1Situation8()" classname="handlers.GenericMoveHandlerTest" time="0.001"/>
  <testcase name="testSlidingDistanceIs1Situation9()" classname="handlers.GenericMoveHandlerTest" time="0.0"/>
  <testcase name="testValidSlideSpider()" classname="handlers.GenericMoveHandlerTest" time="0.005"/>
  <testcase name="testSlideIsBiggerThenOneMove()" classname="handlers.GenericMoveHandlerTest" time="0.001"/>
  <testcase name="testNoIslandExistsWhenDo()" classname="handlers.GenericMoveHandlerTest" time="0.002"/>
  <testcase name="testInvalidSlideSpider()" classname="handlers.GenericMoveHandlerTest" time="0.009"/>
  <testcase name="testCanMoveATile()" classname="handlers.GenericMoveHandlerTest" time="0.001"/>
  <testcase name="testSlideWhenDirectionBlocked()" classname="handlers.GenericMoveHandlerTest" time="0.001"/>
  <testcase name="testCannotMoveToNoContactLocation()" classname="handlers.GenericMoveHandlerTest" time="0.001"/>
  <testcase name="testCannotMoveTileWhenQueenNotPlaced()" classname="handlers.GenericMoveHandlerTest" time="0.001"/>
  <testcase name="testInvalidSlideAnt()" classname="handlers.GenericMoveHandlerTest" time="0.025"/>
  <testcase name="testCannotEmptyLocation()" classname="handlers.GenericMoveHandlerTest" time="0.001"/>
  <system-out><![CDATA[]]></system-out>
  <system-err><![CDATA[]]></system-err>
</testsuite>
