<?xml version="1.0" encoding="UTF-8"?>
<testsuite name="game.PlayerTest" tests="1" skipped="0" failures="0" errors="0" timestamp="2019-10-08T12:54:51" hostname="wouter-P65-P67RGRERA" time="0.019">
  <properties/>
  <testcase name="testPlayedTileRemovedFromTilesToPlay()" classname="game.PlayerTest" time="0.019"/>
  <system-out><![CDATA[]]></system-out>
  <system-err><![CDATA[]]></system-err>
</testsuite>
