<?xml version="1.0" encoding="UTF-8"?>
<testsuite name="game.HiveGameTest" tests="1" skipped="0" failures="0" errors="0" timestamp="2019-12-06T13:12:35" hostname="jelmer-Aspire-V5-591G" time="0.049">
  <properties/>
  <testcase name="testSlideAntToSurroundedLocation()" classname="game.HiveGameTest" time="0.049"/>
  <system-out><![CDATA[]]></system-out>
  <system-err><![CDATA[]]></system-err>
</testsuite>
