<?xml version="1.0" encoding="UTF-8"?>
<testsuite name="handlers.SpiderMoveHandlerTest" tests="2" skipped="0" failures="0" errors="0" timestamp="2019-12-04T13:43:48" hostname="jelmer-Aspire-V5-591G" time="0.261">
  <properties/>
  <testcase name="testSpiderCanNotMakeAnyMove()" classname="handlers.SpiderMoveHandlerTest" time="0.102"/>
  <testcase name="testSpiderCanMakeAnyMove()" classname="handlers.SpiderMoveHandlerTest" time="0.158"/>
  <system-out><![CDATA[]]></system-out>
  <system-err><![CDATA[]]></system-err>
</testsuite>
