<?xml version="1.0" encoding="UTF-8"?>
<testsuite name="handlers.GenericMoveHandlerTest" tests="1" skipped="0" failures="0" errors="0" timestamp="2019-10-31T09:16:58" hostname="jelmer-Aspire-V5-591G" time="0.022">
  <properties/>
  <testcase name="testDfsTileCountSearch()" classname="handlers.GenericMoveHandlerTest" time="0.022"/>
  <system-out><![CDATA[]]></system-out>
  <system-err><![CDATA[]]></system-err>
</testsuite>
