<?xml version="1.0" encoding="UTF-8"?>
<testsuite name="game.BoardTest" tests="6" skipped="0" failures="0" errors="0" timestamp="2019-11-09T09:42:45" hostname="DESKTOP-3VHJ4F4" time="0.02">
  <properties/>
  <testcase name="testGetNeighbouringCoordinatesForSpecificLocation()" classname="game.BoardTest" time="0.013"/>
  <testcase name="testGetNeighbouringPositionsSizeIsCorrect()" classname="game.BoardTest" time="0.002"/>
  <testcase name="testGetTileAtLocation()" classname="game.BoardTest" time="0.0"/>
  <testcase name="testGetEmptyLocation()" classname="game.BoardTest" time="0.0"/>
  <testcase name="testGetNeighboursForLocation()" classname="game.BoardTest" time="0.001"/>
  <testcase name="testPlaceTileAtLocation()" classname="game.BoardTest" time="0.001"/>
  <system-out><![CDATA[]]></system-out>
  <system-err><![CDATA[]]></system-err>
</testsuite>
