<?xml version="1.0" encoding="UTF-8"?>
<testsuite name="handlers.SpiderMoveHandlerTest" tests="2" skipped="0" failures="0" errors="0" timestamp="2019-11-11T16:14:06" hostname="jelmer-Aspire-V5-591G" time="0.163">
  <properties/>
  <testcase name="testSpiderCanNotMakeAnyMove()" classname="handlers.SpiderMoveHandlerTest" time="0.059"/>
  <testcase name="testSpiderCanMakeAnyMove()" classname="handlers.SpiderMoveHandlerTest" time="0.103"/>
  <system-out><![CDATA[]]></system-out>
  <system-err><![CDATA[]]></system-err>
</testsuite>
