<?xml version="1.0" encoding="UTF-8"?>
<testsuite name="game.TileFactoryTest" tests="5" skipped="0" failures="0" errors="0" timestamp="2019-11-09T09:42:45" hostname="DESKTOP-3VHJ4F4" time="0.005">
  <properties/>
  <testcase name="testCanCreateGrasshopper()" classname="game.TileFactoryTest" time="0.001"/>
  <testcase name="testCanCreateSoldierAnt()" classname="game.TileFactoryTest" time="0.002"/>
  <testcase name="testCanCreateBeetle()" classname="game.TileFactoryTest" time="0.001"/>
  <testcase name="testCanCreateSpider()" classname="game.TileFactoryTest" time="0.0"/>
  <testcase name="testCanCreateQueenBee()" classname="game.TileFactoryTest" time="0.0"/>
  <system-out><![CDATA[]]></system-out>
  <system-err><![CDATA[]]></system-err>
</testsuite>
