<?xml version="1.0" encoding="UTF-8"?>
<testsuite name="handlers.PlaceHandlerTest" tests="10" skipped="0" failures="0" errors="0" timestamp="2019-11-07T14:13:06" hostname="jelmer-Aspire-V5-591G" time="0.009">
  <properties/>
  <testcase name="testCanPlayerPlayTileIfNoTileLeftToPlay()" classname="handlers.PlaceHandlerTest" time="0.0"/>
  <testcase name="testCanPlayTileWithoutContact()" classname="handlers.PlaceHandlerTest" time="0.0"/>
  <testcase name="testCanPlayerPlayTileIfTileLeftToPlay()" classname="handlers.PlaceHandlerTest" time="0.0"/>
  <testcase name="testCanPlayTileWithOpponentContact()" classname="handlers.PlaceHandlerTest" time="0.0"/>
  <testcase name="testCheckIsLocationEmptyWhenNotEmpty()" classname="handlers.PlaceHandlerTest" time="0.0"/>
  <testcase name="checkMustPlayQueenIfQueenHasNotBeenPlayed()" classname="handlers.PlaceHandlerTest" time="0.0"/>
  <testcase name="testCanPlayTileWithoutOpponentContact()" classname="handlers.PlaceHandlerTest" time="0.0"/>
  <testcase name="testCheckIsLocationEmptyWhenEmpty()" classname="handlers.PlaceHandlerTest" time="0.001"/>
  <testcase name="testCanPlayTileWithContact()" classname="handlers.PlaceHandlerTest" time="0.001"/>
  <testcase name="checkMustPlayedQueenWhenQueenHasBeenPlayed()" classname="handlers.PlaceHandlerTest" time="0.0"/>
  <system-out><![CDATA[]]></system-out>
  <system-err><![CDATA[]]></system-err>
</testsuite>
