<?xml version="1.0" encoding="UTF-8"?>
<testsuite name="game.HiveGameTest" tests="9" skipped="0" failures="0" errors="0" timestamp="2019-11-06T12:09:41" hostname="jelmer-Aspire-V5-591G" time="0.04">
  <properties/>
  <testcase name="testBlackCanPlayTileNextToOpponentAfterFirstMove()" classname="game.HiveGameTest" time="0.021"/>
  <testcase name="testWhiteCanNotPlayTileNextToOpponentAfterTwoMoves()" classname="game.HiveGameTest" time="0.002"/>
  <testcase name="testBlackCanMoveWhenValidMove()" classname="game.HiveGameTest" time="0.003"/>
  <testcase name="testBlackCannotMoveWhenInvalidMove()" classname="game.HiveGameTest" time="0.002"/>
  <testcase name="testCanPlayTile()" classname="game.HiveGameTest" time="0.002"/>
  <testcase name="testWhiteWinsWhenShouldNotWin()" classname="game.HiveGameTest" time="0.001"/>
  <testcase name="testSwitchPlayerToBlackAfterFirstMove()" classname="game.HiveGameTest" time="0.001"/>
  <testcase name="testWhiteWinsWhenShouldWin()" classname="game.HiveGameTest" time="0.001"/>
  <testcase name="testFirstPlayerIsWhite()" classname="game.HiveGameTest" time="0.0"/>
  <system-out><![CDATA[]]></system-out>
  <system-err><![CDATA[]]></system-err>
</testsuite>
