<?xml version="1.0" encoding="UTF-8"?>
<testsuite name="game.HiveGameTest" tests="19" skipped="0" failures="0" errors="0" timestamp="2019-11-11T16:14:06" hostname="jelmer-Aspire-V5-591G" time="0.135">
  <properties/>
  <testcase name="testValidGrasshopperMove()" classname="game.HiveGameTest" time="0.022"/>
  <testcase name="testValidSoldierAntSlide()" classname="game.HiveGameTest" time="0.029"/>
  <testcase name="testValidQueenSlide()" classname="game.HiveGameTest" time="0.003"/>
  <testcase name="testBlackCanPlayTileNextToOpponentAfterFirstMove()" classname="game.HiveGameTest" time="0.001"/>
  <testcase name="testWhiteCanNotPlayTileNextToOpponentAfterTwoMoves()" classname="game.HiveGameTest" time="0.002"/>
  <testcase name="testBlackCanMoveWhenValidMove()" classname="game.HiveGameTest" time="0.014"/>
  <testcase name="testInvalidQueenSlide()" classname="game.HiveGameTest" time="0.002"/>
  <testcase name="testValidSpiderSlide()" classname="game.HiveGameTest" time="0.006"/>
  <testcase name="testBlackCannotMoveWhenInvalidMove()" classname="game.HiveGameTest" time="0.002"/>
  <testcase name="testCanPlayTile()" classname="game.HiveGameTest" time="0.002"/>
  <testcase name="testWhiteWinsWhenShouldNotWin()" classname="game.HiveGameTest" time="0.001"/>
  <testcase name="testInvalidSpiderSlide()" classname="game.HiveGameTest" time="0.005"/>
  <testcase name="testValidBeetleSlide()" classname="game.HiveGameTest" time="0.003"/>
  <testcase name="testSwitchPlayerToBlackAfterFirstMove()" classname="game.HiveGameTest" time="0.001"/>
  <testcase name="testWhiteWinsWhenShouldWin()" classname="game.HiveGameTest" time="0.001"/>
  <testcase name="testInvalidBeetleSlide()" classname="game.HiveGameTest" time="0.002"/>
  <testcase name="testInvalidGrasshopperMove()" classname="game.HiveGameTest" time="0.002"/>
  <testcase name="testFirstPlayerIsWhite()" classname="game.HiveGameTest" time="0.001"/>
  <testcase name="testInvalidSoldierAntSlide()" classname="game.HiveGameTest" time="0.028"/>
  <system-out><![CDATA[]]></system-out>
  <system-err><![CDATA[]]></system-err>
</testsuite>
