<?xml version="1.0" encoding="UTF-8"?>
<testsuite name="handlers.GenericMoveHandlerTest" tests="1" skipped="0" failures="0" errors="0" timestamp="2019-11-07T12:44:13" hostname="jelmer-Aspire-V5-591G" time="0.024">
  <properties/>
  <testcase name="testFindPathToLocationFindsCorrectPaths()" classname="handlers.GenericMoveHandlerTest" time="0.024"/>
  <system-out><![CDATA[[[{q=0, r=0}]]
]]></system-out>
  <system-err><![CDATA[]]></system-err>
</testsuite>
