<?xml version="1.0" encoding="UTF-8"?>
<testsuite name="handlers.GenericMoveHandlerTest" tests="3" skipped="0" failures="0" errors="0" timestamp="2019-10-29T12:12:01" hostname="jelmer-Aspire-V5-591G" time="0.005">
  <properties/>
  <testcase name="testValidateNoIslandsExists()" classname="handlers.GenericMoveHandlerTest" time="0.002"/>
  <testcase name="testIfCanMakeValidMove()" classname="handlers.GenericMoveHandlerTest" time="0.001"/>
  <testcase name="testValidateTileHasAnyContact()" classname="handlers.GenericMoveHandlerTest" time="0.001"/>
  <system-out><![CDATA[]]></system-out>
  <system-err><![CDATA[]]></system-err>
</testsuite>
