<?xml version="1.0" encoding="UTF-8"?>
<testsuite name="game.BoardTest" tests="1" skipped="0" failures="0" errors="0" timestamp="2019-10-15T11:56:18" hostname="jelmer-Aspire-V5-591G" time="0.016">
  <properties/>
  <testcase name="testPlaceTileAtLocation()" classname="game.BoardTest" time="0.016"/>
  <system-out><![CDATA[]]></system-out>
  <system-err><![CDATA[]]></system-err>
</testsuite>
