<?xml version="1.0" encoding="UTF-8"?>
<testsuite name="game.BoardTest" tests="6" skipped="0" failures="0" errors="0" timestamp="2019-12-12T12:51:56" hostname="jelmer-Aspire-V5-591G" time="0.009">
  <properties/>
  <testcase name="testGetNeighbouringCoordinatesForSpecificLocation()" classname="game.BoardTest" time="0.001"/>
  <testcase name="testGetNeighbouringPositionsSizeIsCorrect()" classname="game.BoardTest" time="0.001"/>
  <testcase name="testGetTileAtLocation()" classname="game.BoardTest" time="0.0"/>
  <testcase name="testGetEmptyLocation()" classname="game.BoardTest" time="0.001"/>
  <testcase name="testGetNeighboursForLocation()" classname="game.BoardTest" time="0.001"/>
  <testcase name="testPlaceTileAtLocation()" classname="game.BoardTest" time="0.001"/>
  <system-out><![CDATA[]]></system-out>
  <system-err><![CDATA[]]></system-err>
</testsuite>
