<?xml version="1.0" encoding="UTF-8"?>
<testsuite name="handlers.QueenBeeMoveHandlerTest" tests="2" skipped="0" failures="0" errors="0" timestamp="2019-12-04T13:43:48" hostname="jelmer-Aspire-V5-591G" time="0.002">
  <properties/>
  <testcase name="testQueenBeeCanMakeAnyMove()" classname="handlers.QueenBeeMoveHandlerTest" time="0.001"/>
  <testcase name="testQueenBeeCanNotMakeAnyMove()" classname="handlers.QueenBeeMoveHandlerTest" time="0.0"/>
  <system-out><![CDATA[]]></system-out>
  <system-err><![CDATA[]]></system-err>
</testsuite>
